<?xml version="1.0" encoding="UTF-8"?>
<!-- Generated by org.testng.reporters.JUnitReportReporter -->
<testsuite hostname="DESKTOP-391QDIG" failures="0" tests="1" name="com.inetbanking.testCases.TC_AddCustomerTest_003" time="28.875" errors="0" timestamp="22 Jul 2022 06:28:32 GMT" skipped="0">
  <testcase classname="com.inetbanking.testCases.TC_AddCustomerTest_003" name="addNewCustomer" time="28.875"/>
</testsuite> <!-- com.inetbanking.testCases.TC_AddCustomerTest_003 -->
