<?xml version="1.0" encoding="UTF-8"?>
<!-- Generated by org.testng.reporters.JUnitReportReporter -->
<testsuite hostname="DESKTOP-391QDIG" failures="0" tests="1" name="com.inetbanking.testCases.TC_LoginTest_001" time="4.529" errors="0" timestamp="19 Jul 2022 05:32:32 GMT" skipped="0">
  <testcase classname="com.inetbanking.testCases.TC_LoginTest_001" name="loginTest" time="4.529"/>
</testsuite> <!-- com.inetbanking.testCases.TC_LoginTest_001 -->
