<?xml version="1.0" encoding="UTF-8"?>
<!-- Generated by org.testng.reporters.JUnitReportReporter -->
<testsuite hostname="DESKTOP-391QDIG" failures="0" tests="2" name="com.inetbanking.testCases.TC_LoginDDT_002" time="19.453" errors="0" timestamp="22 Jul 2022 06:37:19 GMT" skipped="0">
  <testcase classname="com.inetbanking.testCases.TC_LoginDDT_002" name="loginDDT" time="7.426"/>
  <testcase classname="com.inetbanking.testCases.TC_LoginDDT_002" name="loginDDT" time="12.027"/>
</testsuite> <!-- com.inetbanking.testCases.TC_LoginDDT_002 -->
